Copyright 1986-2019 Xilinx, Inc. All Rights Reserved.
------------------------------------------------------------------------------------
| Tool Version : Vivado v.2019.1 (win64) Build 2552052 Fri May 24 14:49:42 MDT 2019
| Date         : Sun Oct  1 16:56:28 2023
| Host         : DESKTOP-CN4R7TV running 64-bit major release  (build 9200)
| Command      : upgrade_ip
| Device       : xc7z020clg484-1
------------------------------------------------------------------------------------

Upgrade Log for IP 'Global_Linear_Trasnformation_0_0'

1. Summary
----------

SUCCESS in the conversion of Global_Linear_Trasnformation_0_0 (xilinx.com:user:Linear_Trasnformation:1.0 (Rev. 4)) to Vivado generation flows.






Copyright 1986-2019 Xilinx, Inc. All Rights Reserved.
------------------------------------------------------------------------------------
| Tool Version : Vivado v.2019.1 (win64) Build 2552052 Fri May 24 14:49:42 MDT 2019
| Date         : Sun Oct  1 16:52:33 2023
| Host         : DESKTOP-CN4R7TV running 64-bit major release  (build 9200)
| Command      : upgrade_ip
| Device       : xc7z020clg484-1
------------------------------------------------------------------------------------

Upgrade Log for IP 'Global_Linear_Trasnformation_0_0'

1. Summary
----------

SUCCESS in the conversion of Global_Linear_Trasnformation_0_0 (xilinx.com:user:Linear_Trasnformation:1.0 (Rev. 4)) to Vivado generation flows.






Copyright 1986-2019 Xilinx, Inc. All Rights Reserved.
------------------------------------------------------------------------------------
| Tool Version : Vivado v.2019.1 (win64) Build 2552052 Fri May 24 14:49:42 MDT 2019
| Date         : Sun Oct  1 16:48:37 2023
| Host         : DESKTOP-CN4R7TV running 64-bit major release  (build 9200)
| Command      : upgrade_ip
| Device       : xc7z020clg484-1
------------------------------------------------------------------------------------

Upgrade Log for IP 'Global_Linear_Trasnformation_0_0'

1. Summary
----------

SUCCESS in the conversion of Global_Linear_Trasnformation_0_0 (xilinx.com:user:Linear_Trasnformation:1.0 (Rev. 4)) to Vivado generation flows.






Copyright 1986-2019 Xilinx, Inc. All Rights Reserved.
------------------------------------------------------------------------------------
| Tool Version : Vivado v.2019.1 (win64) Build 2552052 Fri May 24 14:49:42 MDT 2019
| Date         : Sun Oct  1 16:47:19 2023
| Host         : DESKTOP-CN4R7TV running 64-bit major release  (build 9200)
| Command      : upgrade_ip
| Device       : xc7z020clg484-1
------------------------------------------------------------------------------------

Upgrade Log for IP 'Global_Linear_Trasnformation_0_0'

1. Summary
----------

SUCCESS in the conversion of Global_Linear_Trasnformation_0_0 (xilinx.com:user:Linear_Trasnformation:1.0 (Rev. 4)) to Vivado generation flows.






Copyright 1986-2019 Xilinx, Inc. All Rights Reserved.
------------------------------------------------------------------------------------
| Tool Version : Vivado v.2019.1 (win64) Build 2552052 Fri May 24 14:49:42 MDT 2019
| Date         : Sun Oct  1 16:17:41 2023
| Host         : DESKTOP-CN4R7TV running 64-bit major release  (build 9200)
| Command      : upgrade_ip
| Device       : xc7z020clg484-1
------------------------------------------------------------------------------------

Upgrade Log for IP 'Global_Linear_Trasnformation_0_0'

1. Summary
----------

SUCCESS in the conversion of Global_Linear_Trasnformation_0_0 (xilinx.com:user:Linear_Trasnformation:1.0 (Rev. 4)) to Vivado generation flows.






Copyright 1986-2019 Xilinx, Inc. All Rights Reserved.
------------------------------------------------------------------------------------
| Tool Version : Vivado v.2019.1 (win64) Build 2552052 Fri May 24 14:49:42 MDT 2019
| Date         : Sun Oct  1 16:15:27 2023
| Host         : DESKTOP-CN4R7TV running 64-bit major release  (build 9200)
| Command      : upgrade_ip
| Device       : xc7z020clg484-1
------------------------------------------------------------------------------------

Upgrade Log for IP 'Global_Linear_Trasnformation_0_0'

1. Summary
----------

SUCCESS in the upgrade of Global_Linear_Trasnformation_0_0 (xilinx.com:user:Linear_Trasnformation:1.0) from (Rev. 3) to (Rev. 4)

